2019-11-21 17:54:18.840  INFO 35072 --- [restartedMain] com.hubu.work.WorkApplication            : Starting WorkApplication on DESKTOP-7R60MEB with PID 35072 (D:\JavaProgram-master\target\classes started by 22404 in D:\JavaProgram-master)
2019-11-21 17:54:18.860 DEBUG 35072 --- [restartedMain] com.hubu.work.WorkApplication            : Running with Spring Boot v2.1.7.RELEASE, Spring v5.1.9.RELEASE
2019-11-21 17:54:18.862  INFO 35072 --- [restartedMain] com.hubu.work.WorkApplication            : The following profiles are active: dev
2019-11-21 17:54:19.040  INFO 35072 --- [restartedMain] .e.DevToolsPropertyDefaultsPostProcessor : Devtools property defaults active! Set 'spring.devtools.add-properties' to 'false' to disable
2019-11-21 17:54:19.043  INFO 35072 --- [restartedMain] .e.DevToolsPropertyDefaultsPostProcessor : For additional web related logging consider setting the 'logging.level.web' property to 'DEBUG'
2019-11-21 17:54:22.099  INFO 35072 --- [restartedMain] .s.d.r.c.RepositoryConfigurationDelegate : Bootstrapping Spring Data repositories in DEFAULT mode.
2019-11-21 17:54:22.189  INFO 35072 --- [restartedMain] .s.d.r.c.RepositoryConfigurationDelegate : Finished Spring Data repository scanning in 15ms. Found 0 repository interfaces.
2019-11-21 17:54:23.303  INFO 35072 --- [restartedMain] trationDelegate$BeanPostProcessorChecker : Bean 'org.springframework.transaction.annotation.ProxyTransactionManagementConfiguration' of type [org.springframework.transaction.annotation.ProxyTransactionManagementConfiguration$$EnhancerBySpringCGLIB$$a9270939] is not eligible for getting processed by all BeanPostProcessors (for example: not eligible for auto-proxying)
2019-11-21 17:54:24.276  INFO 35072 --- [restartedMain] o.s.b.w.embedded.tomcat.TomcatWebServer  : Tomcat initialized with port(s): 8088 (http)
2019-11-21 17:54:24.344  INFO 35072 --- [restartedMain] o.apache.catalina.core.StandardService   : Starting service [Tomcat]
2019-11-21 17:54:24.344  INFO 35072 --- [restartedMain] org.apache.catalina.core.StandardEngine  : Starting Servlet engine: [Apache Tomcat/9.0.22]
2019-11-21 17:54:24.756  INFO 35072 --- [restartedMain] o.a.c.c.C.[Tomcat].[localhost].[/]       : Initializing Spring embedded WebApplicationContext
2019-11-21 17:54:24.756  INFO 35072 --- [restartedMain] o.s.web.context.ContextLoader            : Root WebApplicationContext: initialization completed in 5713 ms
2019-11-21 17:54:24.899  INFO 35072 --- [restartedMain] o.s.boot.web.servlet.RegistrationBean    : Servlet statViewServlet was not registered (possibly already registered?)
2019-11-21 17:54:24.904  INFO 35072 --- [restartedMain] o.s.boot.web.servlet.RegistrationBean    : Filter webStatFilter was not registered (possibly already registered?)
2019-11-21 17:54:25.011  INFO 35072 --- [restartedMain] c.a.d.s.b.a.DruidDataSourceAutoConfigure : Init DruidDataSource
2019-11-21 17:54:25.328 ERROR 35072 --- [restartedMain] com.alibaba.druid.pool.DruidDataSource   : testWhileIdle is true, validationQuery not set
2019-11-21 17:54:25.334  INFO 35072 --- [restartedMain] com.alibaba.druid.pool.DruidDataSource   : {dataSource-1} inited
2019-11-21 17:54:26.188  INFO 35072 --- [restartedMain] o.s.b.d.a.OptionalLiveReloadServer       : LiveReload server is running on port 35729
2019-11-21 17:54:26.339  INFO 35072 --- [restartedMain] o.hibernate.jpa.internal.util.LogHelper  : HHH000204: Processing PersistenceUnitInfo [
	name: default
	...]
2019-11-21 17:54:26.474  INFO 35072 --- [restartedMain] org.hibernate.Version                    : HHH000412: Hibernate Core {5.3.10.Final}
2019-11-21 17:54:26.476  INFO 35072 --- [restartedMain] org.hibernate.cfg.Environment            : HHH000206: hibernate.properties not found
2019-11-21 17:54:26.769  INFO 35072 --- [restartedMain] o.hibernate.annotations.common.Version   : HCANN000001: Hibernate Commons Annotations {5.0.4.Final}
2019-11-21 17:54:27.203  INFO 35072 --- [restartedMain] org.hibernate.dialect.Dialect            : HHH000400: Using dialect: org.hibernate.dialect.H2Dialect
2019-11-21 17:54:27.953  INFO 35072 --- [restartedMain] j.LocalContainerEntityManagerFactoryBean : Initialized JPA EntityManagerFactory for persistence unit 'default'
2019-11-21 17:54:31.793  INFO 35072 --- [restartedMain] pertySourcedRequestMappingHandlerMapping : Mapped URL path [/v2/api-docs] onto method [public org.springframework.http.ResponseEntity<springfox.documentation.spring.web.json.Json> springfox.documentation.swagger2.web.Swagger2Controller.getDocumentation(java.lang.String,javax.servlet.http.HttpServletRequest)]
2019-11-21 17:54:32.561  WARN 35072 --- [restartedMain] aWebConfiguration$JpaWebMvcConfiguration : spring.jpa.open-in-view is enabled by default. Therefore, database queries may be performed during view rendering. Explicitly configure spring.jpa.open-in-view to disable this warning
2019-11-21 17:54:33.897  WARN 35072 --- [restartedMain] o.s.b.a.f.FreeMarkerAutoConfiguration    : Cannot find template location(s): [classpath:/templates/] (please add some templates, check your FreeMarker configuration, or set spring.freemarker.checkTemplateLocation=false)
2019-11-21 17:54:34.199  INFO 35072 --- [restartedMain] d.s.w.p.DocumentationPluginsBootstrapper : Context refreshed
2019-11-21 17:54:34.288  INFO 35072 --- [restartedMain] d.s.w.p.DocumentationPluginsBootstrapper : Found 1 custom documentation plugin(s)
2019-11-21 17:54:34.607  INFO 35072 --- [restartedMain] s.d.s.w.s.ApiListingReferenceScanner     : Scanning for api listing references
2019-11-21 17:54:34.986  INFO 35072 --- [restartedMain] .d.s.w.r.o.CachingOperationNameGenerator : Generating unique operation named: selectAllUsingGET_1
2019-11-21 17:54:35.257  INFO 35072 --- [restartedMain] o.s.b.w.embedded.tomcat.TomcatWebServer  : Tomcat started on port(s): 8088 (http) with context path ''
2019-11-21 17:54:35.288  INFO 35072 --- [restartedMain] com.hubu.work.WorkApplication            : Started WorkApplication in 18.237 seconds (JVM running for 23.398)
2019-11-21 17:57:09.280  INFO 35072 --- [http-nio-8088-exec-1] o.a.c.c.C.[Tomcat].[localhost].[/]       : Initializing Spring DispatcherServlet 'dispatcherServlet'
2019-11-21 17:57:09.288  INFO 35072 --- [http-nio-8088-exec-1] o.s.web.servlet.DispatcherServlet        : Initializing Servlet 'dispatcherServlet'
2019-11-21 17:57:09.376  INFO 35072 --- [http-nio-8088-exec-1] o.s.web.servlet.DispatcherServlet        : Completed initialization in 87 ms
2019-11-21 18:17:03.235  INFO 25304 --- [restartedMain] com.hubu.work.WorkApplication            : Starting WorkApplication on DESKTOP-7R60MEB with PID 25304 (D:\JavaProgram-master\target\classes started by 22404 in D:\JavaProgram-master)
2019-11-21 18:17:03.241 DEBUG 25304 --- [restartedMain] com.hubu.work.WorkApplication            : Running with Spring Boot v2.1.7.RELEASE, Spring v5.1.9.RELEASE
2019-11-21 18:17:03.242  INFO 25304 --- [restartedMain] com.hubu.work.WorkApplication            : The following profiles are active: dev
2019-11-21 18:17:03.362  INFO 25304 --- [restartedMain] .e.DevToolsPropertyDefaultsPostProcessor : Devtools property defaults active! Set 'spring.devtools.add-properties' to 'false' to disable
2019-11-21 18:17:03.363  INFO 25304 --- [restartedMain] .e.DevToolsPropertyDefaultsPostProcessor : For additional web related logging consider setting the 'logging.level.web' property to 'DEBUG'
2019-11-21 18:17:05.223  INFO 25304 --- [restartedMain] .s.d.r.c.RepositoryConfigurationDelegate : Bootstrapping Spring Data repositories in DEFAULT mode.
2019-11-21 18:17:05.248  INFO 25304 --- [restartedMain] .s.d.r.c.RepositoryConfigurationDelegate : Finished Spring Data repository scanning in 10ms. Found 0 repository interfaces.
2019-11-21 18:17:05.715  INFO 25304 --- [restartedMain] trationDelegate$BeanPostProcessorChecker : Bean 'org.springframework.transaction.annotation.ProxyTransactionManagementConfiguration' of type [org.springframework.transaction.annotation.ProxyTransactionManagementConfiguration$$EnhancerBySpringCGLIB$$bc02ec31] is not eligible for getting processed by all BeanPostProcessors (for example: not eligible for auto-proxying)
2019-11-21 18:17:06.234  INFO 25304 --- [restartedMain] o.s.b.w.embedded.tomcat.TomcatWebServer  : Tomcat initialized with port(s): 8088 (http)
2019-11-21 18:17:06.266  INFO 25304 --- [restartedMain] o.apache.catalina.core.StandardService   : Starting service [Tomcat]
2019-11-21 18:17:06.267  INFO 25304 --- [restartedMain] org.apache.catalina.core.StandardEngine  : Starting Servlet engine: [Apache Tomcat/9.0.22]
2019-11-21 18:17:06.446  INFO 25304 --- [restartedMain] o.a.c.c.C.[Tomcat].[localhost].[/]       : Initializing Spring embedded WebApplicationContext
2019-11-21 18:17:06.446  INFO 25304 --- [restartedMain] o.s.web.context.ContextLoader            : Root WebApplicationContext: initialization completed in 3083 ms
2019-11-21 18:17:06.546  INFO 25304 --- [restartedMain] o.s.boot.web.servlet.RegistrationBean    : Servlet statViewServlet was not registered (possibly already registered?)
2019-11-21 18:17:06.552  INFO 25304 --- [restartedMain] o.s.boot.web.servlet.RegistrationBean    : Filter webStatFilter was not registered (possibly already registered?)
2019-11-21 18:17:06.723  INFO 25304 --- [restartedMain] c.a.d.s.b.a.DruidDataSourceAutoConfigure : Init DruidDataSource
2019-11-21 18:17:07.033 ERROR 25304 --- [restartedMain] com.alibaba.druid.pool.DruidDataSource   : testWhileIdle is true, validationQuery not set
2019-11-21 18:17:07.036  INFO 25304 --- [restartedMain] com.alibaba.druid.pool.DruidDataSource   : {dataSource-1} inited
2019-11-21 18:17:07.386  INFO 25304 --- [restartedMain] o.s.b.d.a.OptionalLiveReloadServer       : LiveReload server is running on port 35729
2019-11-21 18:17:07.545  INFO 25304 --- [restartedMain] o.hibernate.jpa.internal.util.LogHelper  : HHH000204: Processing PersistenceUnitInfo [
	name: default
	...]
2019-11-21 18:17:07.667  INFO 25304 --- [restartedMain] org.hibernate.Version                    : HHH000412: Hibernate Core {5.3.10.Final}
2019-11-21 18:17:07.669  INFO 25304 --- [restartedMain] org.hibernate.cfg.Environment            : HHH000206: hibernate.properties not found
2019-11-21 18:17:07.912  INFO 25304 --- [restartedMain] o.hibernate.annotations.common.Version   : HCANN000001: Hibernate Commons Annotations {5.0.4.Final}
2019-11-21 18:17:08.163  INFO 25304 --- [restartedMain] org.hibernate.dialect.Dialect            : HHH000400: Using dialect: org.hibernate.dialect.H2Dialect
2019-11-21 18:17:08.676  INFO 25304 --- [restartedMain] j.LocalContainerEntityManagerFactoryBean : Initialized JPA EntityManagerFactory for persistence unit 'default'
2019-11-21 18:17:09.519  INFO 25304 --- [restartedMain] pertySourcedRequestMappingHandlerMapping : Mapped URL path [/v2/api-docs] onto method [public org.springframework.http.ResponseEntity<springfox.documentation.spring.web.json.Json> springfox.documentation.swagger2.web.Swagger2Controller.getDocumentation(java.lang.String,javax.servlet.http.HttpServletRequest)]
2019-11-21 18:17:09.702  WARN 25304 --- [restartedMain] aWebConfiguration$JpaWebMvcConfiguration : spring.jpa.open-in-view is enabled by default. Therefore, database queries may be performed during view rendering. Explicitly configure spring.jpa.open-in-view to disable this warning
2019-11-21 18:17:09.964  WARN 25304 --- [restartedMain] o.s.b.a.f.FreeMarkerAutoConfiguration    : Cannot find template location(s): [classpath:/templates/] (please add some templates, check your FreeMarker configuration, or set spring.freemarker.checkTemplateLocation=false)
2019-11-21 18:17:10.086  INFO 25304 --- [restartedMain] d.s.w.p.DocumentationPluginsBootstrapper : Context refreshed
2019-11-21 18:17:10.106  INFO 25304 --- [restartedMain] d.s.w.p.DocumentationPluginsBootstrapper : Found 1 custom documentation plugin(s)
2019-11-21 18:17:10.142  INFO 25304 --- [restartedMain] s.d.s.w.s.ApiListingReferenceScanner     : Scanning for api listing references
2019-11-21 18:17:10.326  INFO 25304 --- [restartedMain] .d.s.w.r.o.CachingOperationNameGenerator : Generating unique operation named: selectAllUsingGET_1
2019-11-21 18:17:10.390  INFO 25304 --- [restartedMain] o.s.b.w.embedded.tomcat.TomcatWebServer  : Tomcat started on port(s): 8088 (http) with context path ''
2019-11-21 18:17:10.395  INFO 25304 --- [restartedMain] com.hubu.work.WorkApplication            : Started WorkApplication in 8.363 seconds (JVM running for 10.511)
2019-11-21 18:17:15.050  INFO 25304 --- [http-nio-8088-exec-1] o.a.c.c.C.[Tomcat].[localhost].[/]       : Initializing Spring DispatcherServlet 'dispatcherServlet'
2019-11-21 18:17:15.051  INFO 25304 --- [http-nio-8088-exec-1] o.s.web.servlet.DispatcherServlet        : Initializing Servlet 'dispatcherServlet'
2019-11-21 18:17:15.066  INFO 25304 --- [http-nio-8088-exec-1] o.s.web.servlet.DispatcherServlet        : Completed initialization in 15 ms
2019-11-21 18:25:51.441  INFO 31920 --- [restartedMain] com.hubu.work.WorkApplication            : Starting WorkApplication on DESKTOP-7R60MEB with PID 31920 (D:\JavaProgram-master\target\classes started by 22404 in D:\JavaProgram-master)
2019-11-21 18:25:51.447 DEBUG 31920 --- [restartedMain] com.hubu.work.WorkApplication            : Running with Spring Boot v2.1.7.RELEASE, Spring v5.1.9.RELEASE
2019-11-21 18:25:51.448  INFO 31920 --- [restartedMain] com.hubu.work.WorkApplication            : The following profiles are active: dev
2019-11-21 18:25:51.718  INFO 31920 --- [restartedMain] .e.DevToolsPropertyDefaultsPostProcessor : Devtools property defaults active! Set 'spring.devtools.add-properties' to 'false' to disable
2019-11-21 18:25:51.719  INFO 31920 --- [restartedMain] .e.DevToolsPropertyDefaultsPostProcessor : For additional web related logging consider setting the 'logging.level.web' property to 'DEBUG'
2019-11-21 18:25:54.786  INFO 31920 --- [restartedMain] .s.d.r.c.RepositoryConfigurationDelegate : Bootstrapping Spring Data repositories in DEFAULT mode.
2019-11-21 18:25:54.824  INFO 31920 --- [restartedMain] .s.d.r.c.RepositoryConfigurationDelegate : Finished Spring Data repository scanning in 19ms. Found 0 repository interfaces.
2019-11-21 18:25:55.396  INFO 31920 --- [restartedMain] trationDelegate$BeanPostProcessorChecker : Bean 'org.springframework.transaction.annotation.ProxyTransactionManagementConfiguration' of type [org.springframework.transaction.annotation.ProxyTransactionManagementConfiguration$$EnhancerBySpringCGLIB$$c730959] is not eligible for getting processed by all BeanPostProcessors (for example: not eligible for auto-proxying)
2019-11-21 18:25:56.169  INFO 31920 --- [restartedMain] o.s.b.w.embedded.tomcat.TomcatWebServer  : Tomcat initialized with port(s): 8088 (http)
2019-11-21 18:25:56.242  INFO 31920 --- [restartedMain] o.apache.catalina.core.StandardService   : Starting service [Tomcat]
2019-11-21 18:25:56.243  INFO 31920 --- [restartedMain] org.apache.catalina.core.StandardEngine  : Starting Servlet engine: [Apache Tomcat/9.0.22]
2019-11-21 18:25:56.534  INFO 31920 --- [restartedMain] o.a.c.c.C.[Tomcat].[localhost].[/]       : Initializing Spring embedded WebApplicationContext
2019-11-21 18:25:56.535  INFO 31920 --- [restartedMain] o.s.web.context.ContextLoader            : Root WebApplicationContext: initialization completed in 4816 ms
2019-11-21 18:25:56.633  INFO 31920 --- [restartedMain] o.s.boot.web.servlet.RegistrationBean    : Servlet statViewServlet was not registered (possibly already registered?)
2019-11-21 18:25:56.636  INFO 31920 --- [restartedMain] o.s.boot.web.servlet.RegistrationBean    : Filter webStatFilter was not registered (possibly already registered?)
2019-11-21 18:25:56.683  INFO 31920 --- [restartedMain] c.a.d.s.b.a.DruidDataSourceAutoConfigure : Init DruidDataSource
2019-11-21 18:25:56.967 ERROR 31920 --- [restartedMain] com.alibaba.druid.pool.DruidDataSource   : testWhileIdle is true, validationQuery not set
2019-11-21 18:25:56.970  INFO 31920 --- [restartedMain] com.alibaba.druid.pool.DruidDataSource   : {dataSource-1} inited
2019-11-21 18:25:57.264  INFO 31920 --- [restartedMain] o.s.b.d.a.OptionalLiveReloadServer       : LiveReload server is running on port 35729
2019-11-21 18:25:57.387  INFO 31920 --- [restartedMain] o.hibernate.jpa.internal.util.LogHelper  : HHH000204: Processing PersistenceUnitInfo [
	name: default
	...]
2019-11-21 18:25:57.531  INFO 31920 --- [restartedMain] org.hibernate.Version                    : HHH000412: Hibernate Core {5.3.10.Final}
2019-11-21 18:25:57.533  INFO 31920 --- [restartedMain] org.hibernate.cfg.Environment            : HHH000206: hibernate.properties not found
2019-11-21 18:25:57.831  INFO 31920 --- [restartedMain] o.hibernate.annotations.common.Version   : HCANN000001: Hibernate Commons Annotations {5.0.4.Final}
2019-11-21 18:25:58.015  INFO 31920 --- [restartedMain] org.hibernate.dialect.Dialect            : HHH000400: Using dialect: org.hibernate.dialect.H2Dialect
2019-11-21 18:25:58.373  INFO 31920 --- [restartedMain] j.LocalContainerEntityManagerFactoryBean : Initialized JPA EntityManagerFactory for persistence unit 'default'
2019-11-21 18:25:59.104  INFO 31920 --- [restartedMain] pertySourcedRequestMappingHandlerMapping : Mapped URL path [/v2/api-docs] onto method [public org.springframework.http.ResponseEntity<springfox.documentation.spring.web.json.Json> springfox.documentation.swagger2.web.Swagger2Controller.getDocumentation(java.lang.String,javax.servlet.http.HttpServletRequest)]
2019-11-21 18:25:59.298  WARN 31920 --- [restartedMain] aWebConfiguration$JpaWebMvcConfiguration : spring.jpa.open-in-view is enabled by default. Therefore, database queries may be performed during view rendering. Explicitly configure spring.jpa.open-in-view to disable this warning
2019-11-21 18:25:59.511  WARN 31920 --- [restartedMain] o.s.b.a.f.FreeMarkerAutoConfiguration    : Cannot find template location(s): [classpath:/templates/] (please add some templates, check your FreeMarker configuration, or set spring.freemarker.checkTemplateLocation=false)
2019-11-21 18:25:59.727  INFO 31920 --- [restartedMain] d.s.w.p.DocumentationPluginsBootstrapper : Context refreshed
2019-11-21 18:25:59.748  INFO 31920 --- [restartedMain] d.s.w.p.DocumentationPluginsBootstrapper : Found 1 custom documentation plugin(s)
2019-11-21 18:25:59.784  INFO 31920 --- [restartedMain] s.d.s.w.s.ApiListingReferenceScanner     : Scanning for api listing references
2019-11-21 18:25:59.948  INFO 31920 --- [restartedMain] .d.s.w.r.o.CachingOperationNameGenerator : Generating unique operation named: selectAllUsingGET_1
2019-11-21 18:26:00.013  INFO 31920 --- [restartedMain] o.s.b.w.embedded.tomcat.TomcatWebServer  : Tomcat started on port(s): 8088 (http) with context path ''
2019-11-21 18:26:00.019  INFO 31920 --- [restartedMain] com.hubu.work.WorkApplication            : Started WorkApplication in 9.748 seconds (JVM running for 12.152)
